<?xml version="1.0" encoding="UTF-8"?>
<testng-results ignored="0" total="3" passed="3" failed="0" skipped="0">
  <reporter-output>
  </reporter-output>
  <suite started-at="2023-09-24T12:56:20 IST" name="Default suite" finished-at="2023-09-24T12:57:46 IST" duration-ms="85259">
    <groups>
    </groups>
    <test started-at="2023-09-24T12:56:20 IST" name="Default test" finished-at="2023-09-24T12:57:46 IST" duration-ms="85259">
      <class name="Module1_Testing.Adactin_Testing">
        <test-method is-config="true" signature="OpenBrowser()[pri:0, instance:Module1_Testing.Adactin_Testing@3b0fe47a]" started-at="2023-09-24T12:56:20 IST" name="OpenBrowser" finished-at="2023-09-24T12:56:46 IST" duration-ms="25969" status="PASS">
          <reporter-output>
          </reporter-output>
        </test-method> <!-- OpenBrowser -->
        <test-method is-config="true" signature="LoginToAPP()[pri:0, instance:Module1_Testing.Adactin_Testing@3b0fe47a]" started-at="2023-09-24T12:56:46 IST" name="LoginToAPP" finished-at="2023-09-24T12:56:57 IST" duration-ms="10612" status="PASS">
          <reporter-output>
          </reporter-output>
        </test-method> <!-- LoginToAPP -->
        <test-method signature="VerifyUserName()[pri:1, instance:Module1_Testing.Adactin_Testing@3b0fe47a]" started-at="2023-09-24T12:56:57 IST" name="VerifyUserName" finished-at="2023-09-24T12:57:05 IST" duration-ms="7663" status="PASS">
          <reporter-output>
          </reporter-output>
        </test-method> <!-- VerifyUserName -->
        <test-method is-config="true" signature="LogoutFromApp(org.testng.ITestResult)[pri:0, instance:Module1_Testing.Adactin_Testing@3b0fe47a]" started-at="2023-09-24T12:57:05 IST" name="LogoutFromApp" finished-at="2023-09-24T12:57:06 IST" duration-ms="1799" status="PASS">
          <params>
            <param index="0">
              <value>
                <![CDATA[[TestResult name=VerifyUserName status=SUCCESS method=Adactin_Testing.VerifyUserName()[pri:1, instance:Module1_Testing.Adactin_Testing@3b0fe47a] output={null}]]]>
              </value>
            </param>
          </params>
          <reporter-output>
          </reporter-output>
        </test-method> <!-- LogoutFromApp -->
        <test-method is-config="true" signature="LoginToAPP()[pri:0, instance:Module1_Testing.Adactin_Testing@3b0fe47a]" started-at="2023-09-24T12:57:06 IST" name="LoginToAPP" finished-at="2023-09-24T12:57:08 IST" duration-ms="1568" status="PASS">
          <reporter-output>
          </reporter-output>
        </test-method> <!-- LoginToAPP -->
        <test-method signature="GetTitleofApp()[pri:2, instance:Module1_Testing.Adactin_Testing@3b0fe47a]" started-at="2023-09-24T12:57:08 IST" name="GetTitleofApp" finished-at="2023-09-24T12:57:09 IST" duration-ms="1427" status="PASS">
          <reporter-output>
          </reporter-output>
        </test-method> <!-- GetTitleofApp -->
        <test-method is-config="true" signature="LogoutFromApp(org.testng.ITestResult)[pri:0, instance:Module1_Testing.Adactin_Testing@3b0fe47a]" started-at="2023-09-24T12:57:09 IST" name="LogoutFromApp" finished-at="2023-09-24T12:57:11 IST" duration-ms="1916" status="PASS">
          <params>
            <param index="0">
              <value>
                <![CDATA[[TestResult name=GetTitleofApp status=SUCCESS method=Adactin_Testing.GetTitleofApp()[pri:2, instance:Module1_Testing.Adactin_Testing@3b0fe47a] output={null}]]]>
              </value>
            </param>
          </params>
          <reporter-output>
          </reporter-output>
        </test-method> <!-- LogoutFromApp -->
        <test-method is-config="true" signature="LoginToAPP()[pri:0, instance:Module1_Testing.Adactin_Testing@3b0fe47a]" started-at="2023-09-24T12:57:11 IST" name="LoginToAPP" finished-at="2023-09-24T12:57:14 IST" duration-ms="2267" status="PASS">
          <reporter-output>
          </reporter-output>
        </test-method> <!-- LoginToAPP -->
        <test-method signature="BookAHotel()[pri:3, instance:Module1_Testing.Adactin_Testing@3b0fe47a]" started-at="2023-09-24T12:57:14 IST" name="BookAHotel" finished-at="2023-09-24T12:57:37 IST" duration-ms="23357" status="PASS">
          <reporter-output>
          </reporter-output>
        </test-method> <!-- BookAHotel -->
        <test-method is-config="true" signature="LogoutFromApp(org.testng.ITestResult)[pri:0, instance:Module1_Testing.Adactin_Testing@3b0fe47a]" started-at="2023-09-24T12:57:37 IST" name="LogoutFromApp" finished-at="2023-09-24T12:57:43 IST" duration-ms="6134" status="PASS">
          <params>
            <param index="0">
              <value>
                <![CDATA[[TestResult name=BookAHotel status=SUCCESS method=Adactin_Testing.BookAHotel()[pri:3, instance:Module1_Testing.Adactin_Testing@3b0fe47a] output={null}]]]>
              </value>
            </param>
          </params>
          <reporter-output>
          </reporter-output>
        </test-method> <!-- LogoutFromApp -->
        <test-method is-config="true" signature="CloseBrowser()[pri:0, instance:Module1_Testing.Adactin_Testing@3b0fe47a]" started-at="2023-09-24T12:57:43 IST" name="CloseBrowser" finished-at="2023-09-24T12:57:46 IST" duration-ms="2419" status="PASS">
          <reporter-output>
          </reporter-output>
        </test-method> <!-- CloseBrowser -->
      </class> <!-- Module1_Testing.Adactin_Testing -->
    </test> <!-- Default test -->
  </suite> <!-- Default suite -->
</testng-results>
