<?xml version="1.0" encoding="UTF-8"?>
<testng-results ignored="0" total="3" passed="3" failed="0" skipped="0">
  <reporter-output>
  </reporter-output>
  <suite started-at="2023-09-18T18:54:02 IST" name="Default suite" finished-at="2023-09-18T18:54:39 IST" duration-ms="36659">
    <groups>
    </groups>
    <test started-at="2023-09-18T18:54:02 IST" name="Default test" finished-at="2023-09-18T18:54:39 IST" duration-ms="36659">
      <class name="Module1_Testing.Adactin_Testing">
        <test-method is-config="true" signature="OpenBrowser()[pri:0, instance:Module1_Testing.Adactin_Testing@3b0fe47a]" started-at="2023-09-18T18:54:03 IST" name="OpenBrowser" finished-at="2023-09-18T18:54:15 IST" duration-ms="12191" status="PASS">
          <reporter-output>
          </reporter-output>
        </test-method> <!-- OpenBrowser -->
        <test-method is-config="true" signature="LoginToAPP()[pri:0, instance:Module1_Testing.Adactin_Testing@3b0fe47a]" started-at="2023-09-18T18:54:15 IST" name="LoginToAPP" finished-at="2023-09-18T18:54:19 IST" duration-ms="3887" status="PASS">
          <reporter-output>
          </reporter-output>
        </test-method> <!-- LoginToAPP -->
        <test-method signature="VerifyUserName()[pri:1, instance:Module1_Testing.Adactin_Testing@3b0fe47a]" started-at="2023-09-18T18:54:19 IST" name="VerifyUserName" finished-at="2023-09-18T18:54:22 IST" duration-ms="2975" status="PASS">
          <reporter-output>
          </reporter-output>
        </test-method> <!-- VerifyUserName -->
        <test-method is-config="true" signature="LogoutFromApp(org.testng.ITestResult)[pri:0, instance:Module1_Testing.Adactin_Testing@3b0fe47a]" started-at="2023-09-18T18:54:22 IST" name="LogoutFromApp" finished-at="2023-09-18T18:54:24 IST" duration-ms="2155" status="PASS">
          <params>
            <param index="0">
              <value>
                <![CDATA[[TestResult name=VerifyUserName status=SUCCESS method=Adactin_Testing.VerifyUserName()[pri:1, instance:Module1_Testing.Adactin_Testing@3b0fe47a] output={null}]]]>
              </value>
            </param>
          </params>
          <reporter-output>
          </reporter-output>
        </test-method> <!-- LogoutFromApp -->
        <test-method is-config="true" signature="LoginToAPP()[pri:0, instance:Module1_Testing.Adactin_Testing@3b0fe47a]" started-at="2023-09-18T18:54:24 IST" name="LoginToAPP" finished-at="2023-09-18T18:54:26 IST" duration-ms="2317" status="PASS">
          <reporter-output>
          </reporter-output>
        </test-method> <!-- LoginToAPP -->
        <test-method signature="GetTitleofApp()[pri:2, instance:Module1_Testing.Adactin_Testing@3b0fe47a]" started-at="2023-09-18T18:54:26 IST" name="GetTitleofApp" finished-at="2023-09-18T18:54:27 IST" duration-ms="384" status="PASS">
          <reporter-output>
          </reporter-output>
        </test-method> <!-- GetTitleofApp -->
        <test-method is-config="true" signature="LogoutFromApp(org.testng.ITestResult)[pri:0, instance:Module1_Testing.Adactin_Testing@3b0fe47a]" started-at="2023-09-18T18:54:27 IST" name="LogoutFromApp" finished-at="2023-09-18T18:54:28 IST" duration-ms="1401" status="PASS">
          <params>
            <param index="0">
              <value>
                <![CDATA[[TestResult name=GetTitleofApp status=SUCCESS method=Adactin_Testing.GetTitleofApp()[pri:2, instance:Module1_Testing.Adactin_Testing@3b0fe47a] output={null}]]]>
              </value>
            </param>
          </params>
          <reporter-output>
          </reporter-output>
        </test-method> <!-- LogoutFromApp -->
        <test-method is-config="true" signature="LoginToAPP()[pri:0, instance:Module1_Testing.Adactin_Testing@3b0fe47a]" started-at="2023-09-18T18:54:28 IST" name="LoginToAPP" finished-at="2023-09-18T18:54:29 IST" duration-ms="1476" status="PASS">
          <reporter-output>
          </reporter-output>
        </test-method> <!-- LoginToAPP -->
        <test-method signature="BookAHotel()[pri:3, instance:Module1_Testing.Adactin_Testing@3b0fe47a]" started-at="2023-09-18T18:54:29 IST" name="BookAHotel" finished-at="2023-09-18T18:54:37 IST" duration-ms="7973" status="PASS">
          <reporter-output>
          </reporter-output>
        </test-method> <!-- BookAHotel -->
        <test-method is-config="true" signature="LogoutFromApp(org.testng.ITestResult)[pri:0, instance:Module1_Testing.Adactin_Testing@3b0fe47a]" started-at="2023-09-18T18:54:37 IST" name="LogoutFromApp" finished-at="2023-09-18T18:54:39 IST" duration-ms="1360" status="PASS">
          <params>
            <param index="0">
              <value>
                <![CDATA[[TestResult name=BookAHotel status=SUCCESS method=Adactin_Testing.BookAHotel()[pri:3, instance:Module1_Testing.Adactin_Testing@3b0fe47a] output={null}]]]>
              </value>
            </param>
          </params>
          <reporter-output>
          </reporter-output>
        </test-method> <!-- LogoutFromApp -->
        <test-method is-config="true" signature="CloseBrowser()[pri:0, instance:Module1_Testing.Adactin_Testing@3b0fe47a]" started-at="2023-09-18T18:54:39 IST" name="CloseBrowser" finished-at="2023-09-18T18:54:39 IST" duration-ms="415" status="PASS">
          <reporter-output>
          </reporter-output>
        </test-method> <!-- CloseBrowser -->
      </class> <!-- Module1_Testing.Adactin_Testing -->
    </test> <!-- Default test -->
  </suite> <!-- Default suite -->
</testng-results>
