<?xml version="1.0" encoding="UTF-8"?>
<!-- Generated by org.testng.reporters.JUnitXMLReporter -->
<testsuite ignored="0" hostname="DESKTOP-C7858AT" failures="0" tests="3" name="Default test" time="36.659" errors="0" timestamp="2023-09-18T18:54:39 IST">
  <testcase classname="Module1_Testing.Adactin_Testing" name="VerifyUserName" time="2.975"/>
  <testcase classname="Module1_Testing.Adactin_Testing" name="GetTitleofApp" time="0.384"/>
  <testcase classname="Module1_Testing.Adactin_Testing" name="BookAHotel" time="7.973"/>
</testsuite> <!-- Default test -->
