<?xml version="1.0" encoding="UTF-8"?>
<!-- Generated by org.testng.reporters.JUnitXMLReporter -->
<testsuite ignored="0" hostname="DESKTOP-C7858AT" failures="0" tests="3" name="Default test" time="54.805" errors="0" timestamp="2023-09-18T13:48:17 IST">
  <testcase classname="Pom_DDF_TestNG_BaseClass_UtilityClass.Adactin_Testing" name="VerifyUserName" time="3.078"/>
  <testcase classname="Pom_DDF_TestNG_BaseClass_UtilityClass.Adactin_Testing" name="GetTitleofApp" time="0.151"/>
  <testcase classname="Pom_DDF_TestNG_BaseClass_UtilityClass.Adactin_Testing" name="BookAHotel" time="9.239"/>
</testsuite> <!-- Default test -->
