<?xml version="1.0" encoding="UTF-8"?>
<testng-results ignored="0" total="3" passed="3" failed="0" skipped="0">
  <reporter-output>
  </reporter-output>
  <suite started-at="2023-09-24T13:00:08 IST" name="Suite" finished-at="2023-09-24T13:01:48 IST" duration-ms="99508">
    <groups>
    </groups>
    <test started-at="2023-09-24T13:00:08 IST" name="Test3" finished-at="2023-09-24T13:00:55 IST" duration-ms="46585">
      <class name="Parallel_Testing.Parallel3">
        <test-method signature="OpenFacebook()[pri:0, instance:Parallel_Testing.Parallel3@45099dd3]" started-at="2023-09-24T13:00:09 IST" name="OpenFacebook" finished-at="2023-09-24T13:00:55 IST" duration-ms="46461" status="PASS">
          <reporter-output>
          </reporter-output>
        </test-method> <!-- OpenFacebook -->
      </class> <!-- Parallel_Testing.Parallel3 -->
    </test> <!-- Test3 -->
    <test started-at="2023-09-24T13:00:08 IST" name="Test2" finished-at="2023-09-24T13:01:46 IST" duration-ms="97414">
      <class name="Parallel_Testing.Parallel2">
        <test-method signature="OpenFacebook()[pri:0, instance:Parallel_Testing.Parallel2@41a0aa7d]" started-at="2023-09-24T13:00:09 IST" name="OpenFacebook" finished-at="2023-09-24T13:01:46 IST" duration-ms="97310" status="PASS">
          <reporter-output>
          </reporter-output>
        </test-method> <!-- OpenFacebook -->
      </class> <!-- Parallel_Testing.Parallel2 -->
    </test> <!-- Test2 -->
    <test started-at="2023-09-24T13:00:08 IST" name="Test1" finished-at="2023-09-24T13:01:48 IST" duration-ms="99508">
      <class name="Parallel_Testing.Parallel1">
        <test-method signature="OpenFacebook()[pri:0, instance:Parallel_Testing.Parallel1@3ee37e5a]" started-at="2023-09-24T13:00:09 IST" name="OpenFacebook" finished-at="2023-09-24T13:01:48 IST" duration-ms="99404" status="PASS">
          <reporter-output>
          </reporter-output>
        </test-method> <!-- OpenFacebook -->
      </class> <!-- Parallel_Testing.Parallel1 -->
    </test> <!-- Test1 -->
  </suite> <!-- Suite -->
</testng-results>
